launcher/build/intermediates/manifest_merge_blame_file/debug/manifest-merger-blame-debug-report.txt
1<?xml version="1.0" encoding="utf-8"?>
2<!-- GENERATED BY UNITY. REMOVE THIS COMMENT TO PREVENT OVERWRITING WHEN EXPORTING AGAIN -->
3<manifest xmlns:android="http://schemas.android.com/apk/res/android"
4    package="com.Jesus.RealidadAumentada"
5    android:installLocation="preferExternal"
6    android:versionCode="1"
7    android:versionName="0.1" >
8
9    <uses-sdk
10        android:minSdkVersion="19"
10-->src\main\AndroidManifest.xml
11        android:targetSdkVersion="29" />
11-->src\main\AndroidManifest.xml
12
13    <supports-screens
13-->src\main\AndroidManifest.xml:4:3-163
14        android:anyDensity="true"
14-->src\main\AndroidManifest.xml:4:135-160
15        android:largeScreens="true"
15-->src\main\AndroidManifest.xml:4:78-105
16        android:normalScreens="true"
16-->src\main\AndroidManifest.xml:4:49-77
17        android:smallScreens="true"
17-->src\main\AndroidManifest.xml:4:21-48
18        android:xlargeScreens="true" />
18-->src\main\AndroidManifest.xml:4:106-134
19
20    <uses-feature android:glEsVersion="0x00030000" />
20-->[:unityLibrary] AndroidManifest.xml:13:5-54
20-->[:unityLibrary] AndroidManifest.xml:13:19-51
21    <uses-feature
21-->[:unityLibrary] AndroidManifest.xml:14:5-16:36
22        android:name="android.hardware.vulkan.version"
22-->[:unityLibrary] AndroidManifest.xml:15:9-55
23        android:required="false" />
23-->[:unityLibrary] AndroidManifest.xml:16:9-33
24
25    <uses-permission android:name="android.permission.CAMERA" />
25-->[:unityLibrary] AndroidManifest.xml:18:5-65
25-->[:unityLibrary] AndroidManifest.xml:18:22-62
26    <uses-permission android:name="android.permission.INTERNET" />
26-->[:unityLibrary] AndroidManifest.xml:19:5-67
26-->[:unityLibrary] AndroidManifest.xml:19:22-64
27
28    <uses-feature
28-->[:unityLibrary] AndroidManifest.xml:21:5-23:36
29        android:name="android.hardware.camera"
29-->[:unityLibrary] AndroidManifest.xml:22:9-47
30        android:required="true" />
30-->[:unityLibrary] AndroidManifest.xml:23:9-33
31    <uses-feature
31-->[:unityLibrary] AndroidManifest.xml:24:5-26:36
32        android:name="android.hardware.camera.autofocus"
32-->[:unityLibrary] AndroidManifest.xml:25:9-57
33        android:required="false" />
33-->[:unityLibrary] AndroidManifest.xml:26:9-33
34    <uses-feature
34-->[:unityLibrary] AndroidManifest.xml:27:5-29:36
35        android:name="android.hardware.camera.front"
35-->[:unityLibrary] AndroidManifest.xml:28:9-53
36        android:required="false" />
36-->[:unityLibrary] AndroidManifest.xml:29:9-33
37    <uses-feature
37-->[:unityLibrary] AndroidManifest.xml:30:5-32:36
38        android:name="android.hardware.touchscreen"
38-->[:unityLibrary] AndroidManifest.xml:31:9-52
39        android:required="false" />
39-->[:unityLibrary] AndroidManifest.xml:32:9-33
40    <uses-feature
40-->[:unityLibrary] AndroidManifest.xml:33:5-35:36
41        android:name="android.hardware.touchscreen.multitouch"
41-->[:unityLibrary] AndroidManifest.xml:34:9-63
42        android:required="false" />
42-->[:unityLibrary] AndroidManifest.xml:35:9-33
43    <uses-feature
43-->[:unityLibrary] AndroidManifest.xml:36:5-38:36
44        android:name="android.hardware.touchscreen.multitouch.distinct"
44-->[:unityLibrary] AndroidManifest.xml:37:9-72
45        android:required="false" />
45-->[:unityLibrary] AndroidManifest.xml:38:9-33
46
47    <uses-permission android:name="android.permission.ACCESS_NETWORK_STATE" />
47-->[:VuforiaWrapper:] AndroidManifest.xml:13:5-79
47-->[:VuforiaWrapper:] AndroidManifest.xml:13:22-76
48
49    <application
49-->src\main\AndroidManifest.xml:5:3-83
50        android:debuggable="true"
51        android:icon="@mipmap/app_icon"
51-->src\main\AndroidManifest.xml:5:49-80
52        android:label="@string/app_name"
52-->src\main\AndroidManifest.xml:5:16-48
53        android:testOnly="true" >
54        <activity
54-->[:unityLibrary] AndroidManifest.xml:41:9-60:20
55            android:name="com.unity3d.player.UnityPlayerActivity"
55-->[:unityLibrary] AndroidManifest.xml:42:13-66
56            android:configChanges="mcc|mnc|locale|touchscreen|keyboard|keyboardHidden|navigation|orientation|screenLayout|uiMode|screenSize|smallestScreenSize|fontScale|layoutDirection|density"
56-->[:unityLibrary] AndroidManifest.xml:43:13-194
57            android:hardwareAccelerated="false"
57-->[:unityLibrary] AndroidManifest.xml:44:13-48
58            android:launchMode="singleTask"
58-->[:unityLibrary] AndroidManifest.xml:45:13-44
59            android:screenOrientation="fullSensor"
59-->[:unityLibrary] AndroidManifest.xml:46:13-51
60            android:theme="@style/UnityThemeSelector" >
60-->[:unityLibrary] AndroidManifest.xml:47:13-54
61            <intent-filter>
61-->[:unityLibrary] AndroidManifest.xml:48:13-52:29
62                <action android:name="android.intent.action.MAIN" />
62-->[:unityLibrary] AndroidManifest.xml:49:17-69
62-->[:unityLibrary] AndroidManifest.xml:49:25-66
63
64                <category android:name="android.intent.category.LAUNCHER" />
64-->[:unityLibrary] AndroidManifest.xml:51:17-77
64-->[:unityLibrary] AndroidManifest.xml:51:27-74
65            </intent-filter>
66
67            <meta-data
67-->[:unityLibrary] AndroidManifest.xml:54:13-56:40
68                android:name="unityplayer.UnityActivity"
68-->[:unityLibrary] AndroidManifest.xml:55:17-57
69                android:value="true" />
69-->[:unityLibrary] AndroidManifest.xml:56:17-37
70            <meta-data
70-->[:unityLibrary] AndroidManifest.xml:57:13-59:40
71                android:name="android.notch_support"
71-->[:unityLibrary] AndroidManifest.xml:58:17-53
72                android:value="true" />
72-->[:unityLibrary] AndroidManifest.xml:59:17-37
73        </activity>
74
75        <meta-data
75-->[:unityLibrary] AndroidManifest.xml:62:9-64:36
76            android:name="unity.tango-enable"
76-->[:unityLibrary] AndroidManifest.xml:63:13-46
77            android:value="True" />
77-->[:unityLibrary] AndroidManifest.xml:64:13-33
78        <meta-data
78-->[:unityLibrary] AndroidManifest.xml:65:9-67:36
79            android:name="unityplayer.SkipPermissionsDialog"
79-->[:unityLibrary] AndroidManifest.xml:66:13-61
80            android:value="true" />
80-->[:unityLibrary] AndroidManifest.xml:67:13-33
81        <meta-data
81-->[:unityLibrary] AndroidManifest.xml:68:9-70:33
82            android:name="unity.splash-mode"
82-->[:unityLibrary] AndroidManifest.xml:69:13-45
83            android:value="0" />
83-->[:unityLibrary] AndroidManifest.xml:70:13-30
84        <meta-data
84-->[:unityLibrary] AndroidManifest.xml:71:9-73:36
85            android:name="unity.splash-enable"
85-->[:unityLibrary] AndroidManifest.xml:72:13-47
86            android:value="True" />
86-->[:unityLibrary] AndroidManifest.xml:73:13-33
87        <meta-data
87-->[:unityLibrary] AndroidManifest.xml:74:9-76:50
88            android:name="notch.config"
88-->[:unityLibrary] AndroidManifest.xml:75:13-40
89            android:value="portrait|landscape" />
89-->[:unityLibrary] AndroidManifest.xml:76:13-47
90        <meta-data
90-->[:unityLibrary] AndroidManifest.xml:77:9-79:68
91            android:name="unity.build-id"
91-->[:unityLibrary] AndroidManifest.xml:78:13-42
92            android:value="a6125ba8-a644-454c-a7e6-2275ce91914c" />
92-->[:unityLibrary] AndroidManifest.xml:79:13-65
93    </application>
94
95</manifest>